<?xml version="1.0" encoding="UTF-8"?>
<testng-results skipped="0" failed="0" total="1" passed="1">
  <reporter-output>
  </reporter-output>
  <suite name="GoogleTest" duration-ms="12501" started-at="2014-07-28T05:58:25Z" finished-at="2014-07-28T05:58:37Z">
    <groups>
    </groups>
    <test name="Command line test" duration-ms="12501" started-at="2014-07-28T05:58:25Z" finished-at="2014-07-28T05:58:37Z">
      <class name="GoogleTest">
        <test-method status="PASS" signature="verifySearch()" name="verifySearch" duration-ms="12489" started-at="2014-07-28T05:58:25Z" finished-at="2014-07-28T05:58:37Z">
        </test-method>
      </class>
    </test>
  </suite>
</testng-results>
